d:\onedrive - universidade de vigo\aaaa\grado ingeniería\4º curso\tfg\kinect\proyectoguardarpointcloud\kinectfusionexplorer-d2d\debug\vc142.pdb
d:\onedrive - universidade de vigo\aaaa\grado ingeniería\4º curso\tfg\kinect\proyectoguardarpointcloud\kinectfusionexplorer-d2d\debug\vc142.idb
d:\onedrive - universidade de vigo\aaaa\grado ingeniería\4º curso\tfg\kinect\proyectoguardarpointcloud\kinectfusionexplorer-d2d\debug\timer.obj
d:\onedrive - universidade de vigo\aaaa\grado ingeniería\4º curso\tfg\kinect\proyectoguardarpointcloud\kinectfusionexplorer-d2d\debug\kinectfusionprocessorframe.obj
d:\onedrive - universidade de vigo\aaaa\grado ingeniería\4º curso\tfg\kinect\proyectoguardarpointcloud\kinectfusionexplorer-d2d\debug\kinectfusionprocessor.obj
d:\onedrive - universidade de vigo\aaaa\grado ingeniería\4º curso\tfg\kinect\proyectoguardarpointcloud\kinectfusionexplorer-d2d\debug\kinectfusionhelper.obj
d:\onedrive - universidade de vigo\aaaa\grado ingeniería\4º curso\tfg\kinect\proyectoguardarpointcloud\kinectfusionexplorer-d2d\debug\kinectfusionexplorer.obj
d:\onedrive - universidade de vigo\aaaa\grado ingeniería\4º curso\tfg\kinect\proyectoguardarpointcloud\kinectfusionexplorer-d2d\debug\imagerenderer.obj
d:\onedrive - universidade de vigo\aaaa\grado ingeniería\4º curso\tfg\kinect\proyectoguardarpointcloud\kinectfusionexplorer-d2d\debug\kinectfusionexplorer-d2d.exe
d:\onedrive - universidade de vigo\aaaa\grado ingeniería\4º curso\tfg\kinect\proyectoguardarpointcloud\kinectfusionexplorer-d2d\debug\kinectfusionexplorer-d2d.ilk
d:\onedrive - universidade de vigo\aaaa\grado ingeniería\4º curso\tfg\kinect\proyectoguardarpointcloud\kinectfusionexplorer-d2d\debug\kinectfusionexplorer-d2d.pdb
d:\onedrive - universidade de vigo\aaaa\grado ingeniería\4º curso\tfg\kinect\proyectoguardarpointcloud\kinectfusionexplorer-d2d\debug\kinectfusionexplorer-d2d.res
d:\onedrive - universidade de vigo\aaaa\grado ingeniería\4º curso\tfg\kinect\proyectoguardarpointcloud\kinectfusionexplorer-d2d\debug\kinectfu.9f1abebe.tlog\cl.command.1.tlog
d:\onedrive - universidade de vigo\aaaa\grado ingeniería\4º curso\tfg\kinect\proyectoguardarpointcloud\kinectfusionexplorer-d2d\debug\kinectfu.9f1abebe.tlog\cl.read.1.tlog
d:\onedrive - universidade de vigo\aaaa\grado ingeniería\4º curso\tfg\kinect\proyectoguardarpointcloud\kinectfusionexplorer-d2d\debug\kinectfu.9f1abebe.tlog\cl.write.1.tlog
d:\onedrive - universidade de vigo\aaaa\grado ingeniería\4º curso\tfg\kinect\proyectoguardarpointcloud\kinectfusionexplorer-d2d\debug\kinectfu.9f1abebe.tlog\link.command.1.tlog
d:\onedrive - universidade de vigo\aaaa\grado ingeniería\4º curso\tfg\kinect\proyectoguardarpointcloud\kinectfusionexplorer-d2d\debug\kinectfu.9f1abebe.tlog\link.read.1.tlog
d:\onedrive - universidade de vigo\aaaa\grado ingeniería\4º curso\tfg\kinect\proyectoguardarpointcloud\kinectfusionexplorer-d2d\debug\kinectfu.9f1abebe.tlog\link.write.1.tlog
d:\onedrive - universidade de vigo\aaaa\grado ingeniería\4º curso\tfg\kinect\proyectoguardarpointcloud\kinectfusionexplorer-d2d\debug\kinectfu.9f1abebe.tlog\rc.command.1.tlog
d:\onedrive - universidade de vigo\aaaa\grado ingeniería\4º curso\tfg\kinect\proyectoguardarpointcloud\kinectfusionexplorer-d2d\debug\kinectfu.9f1abebe.tlog\rc.read.1.tlog
d:\onedrive - universidade de vigo\aaaa\grado ingeniería\4º curso\tfg\kinect\proyectoguardarpointcloud\kinectfusionexplorer-d2d\debug\kinectfu.9f1abebe.tlog\rc.write.1.tlog
